<?xml version="1.0" encoding="UTF-8"?>
<coverage generated="1587017829235" clover="3.2.0">
  <project timestamp="1587017829235" name="All files">
    <metrics statements="11" coveredstatements="10" conditionals="2" coveredconditionals="1" methods="1" coveredmethods="1" elements="14" coveredelements="12" complexity="0" loc="11" ncloc="11" packages="1" files="1" classes="1">
      <file name="index.ts" path="C:\Users\Shivam Singh\Downloads\sonar-nodejs-example-master\sonar-nodejs-example-master\src\index.ts">
        <metrics statements="11" coveredstatements="10" conditionals="2" coveredconditionals="1" methods="1" coveredmethods="1"/>
        <line num="1" count="1" type="stmt"/>
        <line num="2" count="1" type="cond" truecount="1" falsecount="1"/>
        <line num="3" count="0" type="stmt"/>
        <line num="6" count="1" type="stmt"/>
        <line num="7" count="1" type="stmt"/>
        <line num="9" count="1" type="stmt"/>
        <line num="10" count="2" type="stmt"/>
        <line num="11" count="2" type="stmt"/>
        <line num="12" count="2" type="stmt"/>
        <line num="13" count="2" type="stmt"/>
        <line num="16" count="1" type="stmt"/>
      </file>
    </metrics>
  </project>
</coverage>
