{"C:\\Users\\Shivam Singh\\Downloads\\sonar-nodejs-example-master\\sonar-nodejs-example-master\\src\\index.ts": {"path":"C:\\Users\\Shivam Singh\\Downloads\\sonar-nodejs-example-master\\sonar-nodejs-example-master\\src\\index.ts","statementMap":{"0":{"start":{"line":2,"column":2},"end":{"line":4,"column":3}},"1":{"start":{"line":3,"column":4},"end":{"line":3,"column":16}},"2":{"start":{"line":6,"column":10},"end":{"line":6,"column":12}},"3":{"start":{"line":6,"column":18},"end":{"line":6,"column":19}},"4":{"start":{"line":7,"column":2},"end":{"line":7,"column":8}},"5":{"start":{"line":9,"column":2},"end":{"line":14,"column":3}},"6":{"start":{"line":10,"column":4},"end":{"line":10,"column":13}},"7":{"start":{"line":11,"column":4},"end":{"line":11,"column":14}},"8":{"start":{"line":12,"column":4},"end":{"line":12,"column":13}},"9":{"start":{"line":13,"column":4},"end":{"line":13,"column":10}},"10":{"start":{"line":16,"column":2},"end":{"line":16,"column":11}},"11":{"start":{"line":1,"column":0},"end":{"line":17,"column":1}}},"fnMap":{"0":{"name":"fibonacci","decl":{"start":{"line":1,"column":0},"end":{"line":1,"column":25}},"loc":{"start":{"line":1,"column":37},"end":{"line":17,"column":1}}}},"branchMap":{"0":{"loc":{"start":{"line":2,"column":2},"end":{"line":4,"column":3}},"type":"if","locations":[{"start":{"line":2,"column":2},"end":{"line":4,"column":3}},{"start":{"line":2,"column":2},"end":{"line":4,"column":3}}]}},"s":{"0":1,"1":0,"2":1,"3":1,"4":1,"5":1,"6":2,"7":2,"8":2,"9":2,"10":1,"11":1},"f":{"0":1},"b":{"0":[0,1]}}
}
